/opt/qnx660/host/linux/x86/usr/bin/make -k CPULIST=x86 clean all --file=/tmp/QMakefile16805885985378138780390403978208.tmp 
/opt/qnx660/host/linux/x86/usr/bin/make -j 1 -Cx86 -fMakefile clean
make[1]: Entering directory `/media/rtos/labs/3/ap_3/x86'
/opt/qnx660/host/linux/x86/usr/bin/make -j 1 -Co -fMakefile clean 
make[2]: Entering directory `/media/rtos/labs/3/ap_3/x86/o'
/bin/rm -f  ap_3  *.pinfo *.o *.err *.map mapfile *.sym *.i   
make[2]: Leaving directory `/media/rtos/labs/3/ap_3/x86/o'
/opt/qnx660/host/linux/x86/usr/bin/make -j 1 -Co-g -fMakefile clean
make[2]: Entering directory `/media/rtos/labs/3/ap_3/x86/o-g'
/bin/rm -f  ap_3_g  *.pinfo *.o *.err *.map mapfile *.sym *.i   
make[2]: Leaving directory `/media/rtos/labs/3/ap_3/x86/o-g'
make[1]: Leaving directory `/media/rtos/labs/3/ap_3/x86'
/opt/qnx660/host/linux/x86/usr/bin/make -j 1 -Cx86 -fMakefile all
make[1]: Entering directory `/media/rtos/labs/3/ap_3/x86'
/opt/qnx660/host/linux/x86/usr/bin/make -j 1 -Co -fMakefile all 
make[2]: Entering directory `/media/rtos/labs/3/ap_3/x86/o'
/opt/qnx660/host/linux/x86/usr/bin/qcc -Vgcc_ntox86 -c -Wc,-Wall  -Os          -DNDEBUG    -I. -I/media/rtos/labs/3/ap_3/x86/o -I/media/rtos/labs/3/ap_3/x86 -I/media/rtos/labs/3/ap_3 -I/media/rtos/labs/3/bbs_3 -I/opt/qnx660/target/qnx6/usr/include     -DBUILDENV_qss   /media/rtos/labs/3/ap_3/ap_3.cc 
/media/rtos/labs/3/ap_3/ap_3.cc: In function 'int io_devctl(resmgr_context_t*, io_devctl_t*, _iofunc_ocb*)':
/media/rtos/labs/3/ap_3/ap_3.cc:73:10: warning: comparison between signed and unsigned integer expressions [-Wsign-compare]
/media/rtos/labs/3/ap_3/ap_3.cc:67:8: warning: unused variable 'rx_data' [-Wunused-variable]
/media/rtos/labs/3/ap_3/ap_3.cc: In function 'int main(int, char**)':
/media/rtos/labs/3/ap_3/ap_3.cc:158:27: warning: unused variable 'ctp' [-Wunused-variable]
/bin/rm -f  /media/rtos/labs/3/ap_3/x86/o/ap_3
/opt/qnx660/host/linux/x86/usr/bin/qcc -Vgcc_ntox86  -lang-c++ -lang-c++    -o /media/rtos/labs/3/ap_3/x86/o/ap_3    ap_3.o   -L . -L /opt/qnx660/target/qnx6/x86/lib -L /opt/qnx660/target/qnx6/x86/usr/lib  -Wl,--rpath-link . -Wl,--rpath-link /opt/qnx660/target/qnx6/x86/lib -Wl,--rpath-link /opt/qnx660/target/qnx6/x86/usr/lib      
make[2]: Leaving directory `/media/rtos/labs/3/ap_3/x86/o'
/opt/qnx660/host/linux/x86/usr/bin/make -j 1 -Co-g -fMakefile all
make[2]: Entering directory `/media/rtos/labs/3/ap_3/x86/o-g'
/opt/qnx660/host/linux/x86/usr/bin/qcc -Vgcc_ntox86 -c -Wc,-Wall                -I. -I/media/rtos/labs/3/ap_3/x86/o -I/media/rtos/labs/3/ap_3/x86/o-g -I/media/rtos/labs/3/ap_3/x86 -I/media/rtos/labs/3/ap_3 -I/media/rtos/labs/3/bbs_3 -I/opt/qnx660/target/qnx6/usr/include    -g    -DVARIANT_g -DBUILDENV_qss   /media/rtos/labs/3/ap_3/ap_3.cc 
/media/rtos/labs/3/ap_3/ap_3.cc: In function 'int io_devctl(resmgr_context_t*, io_devctl_t*, _iofunc_ocb*)':
/media/rtos/labs/3/ap_3/ap_3.cc:73:10: warning: comparison between signed and unsigned integer expressions [-Wsign-compare]
/media/rtos/labs/3/ap_3/ap_3.cc:67:8: warning: unused variable 'rx_data' [-Wunused-variable]
/media/rtos/labs/3/ap_3/ap_3.cc: In function 'int main(int, char**)':
/media/rtos/labs/3/ap_3/ap_3.cc:158:27: warning: unused variable 'ctp' [-Wunused-variable]
/bin/rm -f  /media/rtos/labs/3/ap_3/x86/o-g/ap_3_g
/opt/qnx660/host/linux/x86/usr/bin/qcc -Vgcc_ntox86  -lang-c++ -lang-c++    -o /media/rtos/labs/3/ap_3/x86/o-g/ap_3_g    ap_3.o   -L . -L /opt/qnx660/target/qnx6/x86/lib -L /opt/qnx660/target/qnx6/x86/usr/lib  -Wl,--rpath-link . -Wl,--rpath-link /opt/qnx660/target/qnx6/x86/lib -Wl,--rpath-link /opt/qnx660/target/qnx6/x86/usr/lib    -g     
make[2]: Leaving directory `/media/rtos/labs/3/ap_3/x86/o-g'
make[1]: Leaving directory `/media/rtos/labs/3/ap_3/x86'
/opt/qnx660/host/linux/x86/usr/bin/make -k CPULIST=x86 all --file=/tmp/QMakefile16805886084697256960895457089733.tmp 
/opt/qnx660/host/linux/x86/usr/bin/make -j 1 -Cx86 -fMakefile all
make[1]: Entering directory `/media/rtos/labs/3/ap_3/x86'
/opt/qnx660/host/linux/x86/usr/bin/make -j 1 -Co -fMakefile all 
make[2]: Entering directory `/media/rtos/labs/3/ap_3/x86/o'
make[2]: Nothing to be done for `all'.
make[2]: Leaving directory `/media/rtos/labs/3/ap_3/x86/o'
/opt/qnx660/host/linux/x86/usr/bin/make -j 1 -Co-g -fMakefile all
make[2]: Entering directory `/media/rtos/labs/3/ap_3/x86/o-g'
make[2]: Nothing to be done for `all'.
make[2]: Leaving directory `/media/rtos/labs/3/ap_3/x86/o-g'
make[1]: Leaving directory `/media/rtos/labs/3/ap_3/x86'
/opt/qnx660/host/linux/x86/usr/bin/make -k CPULIST=x86 all --file=/tmp/QMakefile16805886229458591660794555883464.tmp 
/opt/qnx660/host/linux/x86/usr/bin/make -j 1 -Cx86 -fMakefile all
make[1]: Entering directory `/media/rtos/labs/3/client_3/x86'
/opt/qnx660/host/linux/x86/usr/bin/make -j 1 -Co -fMakefile all 
make[2]: Entering directory `/media/rtos/labs/3/client_3/x86/o'
make[2]: Nothing to be done for `all'.
make[2]: Leaving directory `/media/rtos/labs/3/client_3/x86/o'
/opt/qnx660/host/linux/x86/usr/bin/make -j 1 -Co-g -fMakefile all
make[2]: Entering directory `/media/rtos/labs/3/client_3/x86/o-g'
make[2]: Nothing to be done for `all'.
make[2]: Leaving directory `/media/rtos/labs/3/client_3/x86/o-g'
make[1]: Leaving directory `/media/rtos/labs/3/client_3/x86'
/opt/qnx660/host/linux/x86/usr/bin/make -k CPULIST=x86 all --file=/tmp/QMakefile16805887029798896385736459997074.tmp 
/opt/qnx660/host/linux/x86/usr/bin/make -j 1 -Cx86 -fMakefile all
make[1]: Entering directory `/media/rtos/labs/3/client_3/x86'
/opt/qnx660/host/linux/x86/usr/bin/make -j 1 -Co -fMakefile all 
make[2]: Entering directory `/media/rtos/labs/3/client_3/x86/o'
make[2]: Nothing to be done for `all'.
make[2]: Leaving directory `/media/rtos/labs/3/client_3/x86/o'
/opt/qnx660/host/linux/x86/usr/bin/make -j 1 -Co-g -fMakefile all
make[2]: Entering directory `/media/rtos/labs/3/client_3/x86/o-g'
make[2]: Nothing to be done for `all'.
make[2]: Leaving directory `/media/rtos/labs/3/client_3/x86/o-g'
make[1]: Leaving directory `/media/rtos/labs/3/client_3/x86'
/opt/qnx660/host/linux/x86/usr/bin/make -k CPULIST=x86 all --file=/tmp/QMakefile16805887664941416328248046654518.tmp 
/opt/qnx660/host/linux/x86/usr/bin/make -j 1 -Cx86 -fMakefile all
make[1]: Entering directory `/media/rtos/labs/3/client_3/x86'
/opt/qnx660/host/linux/x86/usr/bin/make -j 1 -Co -fMakefile all 
make[2]: Entering directory `/media/rtos/labs/3/client_3/x86/o'
make[2]: Nothing to be done for `all'.
make[2]: Leaving directory `/media/rtos/labs/3/client_3/x86/o'
/opt/qnx660/host/linux/x86/usr/bin/make -j 1 -Co-g -fMakefile all
make[2]: Entering directory `/media/rtos/labs/3/client_3/x86/o-g'
make[2]: Nothing to be done for `all'.
make[2]: Leaving directory `/media/rtos/labs/3/client_3/x86/o-g'
make[1]: Leaving directory `/media/rtos/labs/3/client_3/x86'
