/opt/qnx660/host/linux/x86/usr/bin/make -k CPULIST=x86 all --file=/tmp/QMakefile16807314730262287639314925020353.tmp 
/opt/qnx660/host/linux/x86/usr/bin/make -j 1 -Cx86 -fMakefile all
make[1]: Entering directory `/media/rtos/labs/2/client/x86'
/opt/qnx660/host/linux/x86/usr/bin/make -j 1 -Co -fMakefile all 
make[2]: Entering directory `/media/rtos/labs/2/client/x86/o'
/opt/qnx660/host/linux/x86/usr/bin/qcc -Vgcc_ntox86 -c -Wc,-Wall  -Os          -DNDEBUG    -I. -I/media/rtos/labs/2/client/x86/o -I/media/rtos/labs/2/client/x86 -I/media/rtos/labs/2/client -I/media/rtos/labs/2/bbs_lib -I/opt/qnx660/target/qnx6/usr/include     -DBUILDENV_qss   /media/rtos/labs/2/client/client.cc 
/bin/rm -f  /media/rtos/labs/2/client/x86/o/client
/opt/qnx660/host/linux/x86/usr/bin/qcc -Vgcc_ntox86  -lang-c++ -lang-c++    -o /media/rtos/labs/2/client/x86/o/client    client.o   -L . -L /opt/qnx660/target/qnx6/x86/lib -L /opt/qnx660/target/qnx6/x86/usr/lib  -Wl,--rpath-link . -Wl,--rpath-link /opt/qnx660/target/qnx6/x86/lib -Wl,--rpath-link /opt/qnx660/target/qnx6/x86/usr/lib      
make[2]: Leaving directory `/media/rtos/labs/2/client/x86/o'
/opt/qnx660/host/linux/x86/usr/bin/make -j 1 -Co-g -fMakefile all
make[2]: Entering directory `/media/rtos/labs/2/client/x86/o-g'
/opt/qnx660/host/linux/x86/usr/bin/qcc -Vgcc_ntox86 -c -Wc,-Wall                -I. -I/media/rtos/labs/2/client/x86/o -I/media/rtos/labs/2/client/x86/o-g -I/media/rtos/labs/2/client/x86 -I/media/rtos/labs/2/client -I/media/rtos/labs/2/bbs_lib -I/opt/qnx660/target/qnx6/usr/include    -g    -DVARIANT_g -DBUILDENV_qss   /media/rtos/labs/2/client/client.cc 
/bin/rm -f  /media/rtos/labs/2/client/x86/o-g/client_g
/opt/qnx660/host/linux/x86/usr/bin/qcc -Vgcc_ntox86  -lang-c++ -lang-c++    -o /media/rtos/labs/2/client/x86/o-g/client_g    client.o   -L . -L /opt/qnx660/target/qnx6/x86/lib -L /opt/qnx660/target/qnx6/x86/usr/lib  -Wl,--rpath-link . -Wl,--rpath-link /opt/qnx660/target/qnx6/x86/lib -Wl,--rpath-link /opt/qnx660/target/qnx6/x86/usr/lib    -g     
make[2]: Leaving directory `/media/rtos/labs/2/client/x86/o-g'
make[1]: Leaving directory `/media/rtos/labs/2/client/x86'
/opt/qnx660/host/linux/x86/usr/bin/make -k CPULIST=x86 all --file=/tmp/QMakefile16807314883904092872361841340000.tmp 
/opt/qnx660/host/linux/x86/usr/bin/make -j 1 -Cx86 -fMakefile all
make[1]: Entering directory `/media/rtos/labs/2/client/x86'
/opt/qnx660/host/linux/x86/usr/bin/make -j 1 -Co -fMakefile all 
make[2]: Entering directory `/media/rtos/labs/2/client/x86/o'
make[2]: Nothing to be done for `all'.
make[2]: Leaving directory `/media/rtos/labs/2/client/x86/o'
/opt/qnx660/host/linux/x86/usr/bin/make -j 1 -Co-g -fMakefile all
make[2]: Entering directory `/media/rtos/labs/2/client/x86/o-g'
make[2]: Nothing to be done for `all'.
make[2]: Leaving directory `/media/rtos/labs/2/client/x86/o-g'
make[1]: Leaving directory `/media/rtos/labs/2/client/x86'
